[0m02:19:09.584121 [debug] [MainThread]: Sending event: {'category': 'dbt', 'action': 'invocation', 'label': 'start', 'context': [<snowplow_tracker.self_describing_json.SelfDescribingJson object at 0x10d78c050>, <snowplow_tracker.self_describing_json.SelfDescribingJson object at 0x10e8739d0>, <snowplow_tracker.self_describing_json.SelfDescribingJson object at 0x10e873b10>]}


============================== 02:19:09.598563 | d5e46315-9a30-4338-b470-4b450aa53cd5 ==============================
[0m02:19:09.598563 [info ] [MainThread]: Running with dbt=1.10.15
[0m02:19:09.600754 [debug] [MainThread]: running dbt with arguments {'write_json': 'True', 'printer_width': '80', 'introspect': 'True', 'log_cache_events': 'False', 'static_parser': 'True', 'log_path': 'logs', 'use_experimental_parser': 'False', 'warn_error_options': 'WarnErrorOptionsV2(error=[], warn=[], silence=[])', 'partial_parse': 'True', 'no_print': 'None', 'target_path': 'None', 'cache_selected_only': 'False', 'empty': 'None', 'debug': 'False', 'warn_error': 'None', 'use_colors': 'True', 'invocation_command': 'dbt init', 'quiet': 'False', 'log_format': 'default', 'fail_fast': 'False', 'send_anonymous_usage_stats': 'True', 'indirect_selection': 'eager', 'version_check': 'True', 'profiles_dir': '/Users/davidcleary/.dbt'}
[0m02:19:36.232165 [debug] [MainThread]: Starter project path: /Users/davidcleary/.pyenv/versions/3.13.1/envs/duke_elt_project_env/lib/python3.13/site-packages/dbt/include/starter_project
[0m02:19:36.263580 [info ] [MainThread]: 
Your new dbt project "duke_elt_project" was created!

For more information on how to configure the profiles.yml file,
please consult the dbt documentation here:

  https://docs.getdbt.com/docs/configure-your-profile

One more thing:

Need help? Don't hesitate to reach out to us via GitHub issues or on Slack:

  https://community.getdbt.com/

Happy modeling!

[0m02:19:36.265772 [info ] [MainThread]: Setting up your profile.
[0m02:22:01.499205 [info ] [MainThread]: Profile duke_elt_project written to /Users/davidcleary/.dbt/profiles.yml using target's profile_template.yml and your supplied values. Run 'dbt debug' to validate the connection.
[0m02:22:01.556122 [debug] [MainThread]: Resource report: {"command_name": "init", "command_success": true, "command_wall_clock_time": 172.13986, "process_in_blocks": "0", "process_kernel_time": 0.730683, "process_mem_max_rss": "98938880", "process_out_blocks": "0", "process_user_time": 2.844385}
[0m02:22:01.559088 [debug] [MainThread]: Command `dbt init` succeeded at 02:22:01.558417 after 172.14 seconds
[0m02:22:01.561824 [debug] [MainThread]: Sending event: {'category': 'dbt', 'action': 'invocation', 'label': 'end', 'context': [<snowplow_tracker.self_describing_json.SelfDescribingJson object at 0x10ea28b00>, <snowplow_tracker.self_describing_json.SelfDescribingJson object at 0x10e211910>, <snowplow_tracker.self_describing_json.SelfDescribingJson object at 0x10e9b09e0>]}
[0m02:22:01.563950 [debug] [MainThread]: Flushing usage events
[0m02:22:02.130352 [debug] [MainThread]: An error was encountered while trying to flush usage events
